2020-12-02 14:14:22,787 - selenium - INFO - 读取浏览器配置,值为chrome
2020-12-02 14:14:22,788 - selenium - INFO - 读取url,值为http://192.168.75.245:9020/user/login?redirect=%2Fiversion%2Fupdate
2020-12-02 14:14:28,037 - selenium - INFO - 打开chrome浏览器
2020-12-02 14:14:29,933 - selenium - INFO - 访问url
2020-12-02 14:14:34,063 - selenium - INFO - 浏览器最大化
2020-12-02 14:14:34,064 - selenium - INFO - 设置静态等待时间10秒
2020-12-02 14:14:34,080 - selenium - ERROR - 没有定位到元素,定位方式：xpath，使用的值：//input[@placeholder="请输入帐户名
Traceback (most recent call last):
  File "D:\python\python36-64\project\Python3-Selenium-master\Common\basePage.py", line 102, in get_element
    element = self.driver.find_element_by_xpath(value)
  File "D:\python\python36-64\lib\site-packages\selenium\webdriver\remote\webdriver.py", line 394, in find_element_by_xpath
    return self.find_element(by=By.XPATH, value=xpath)
  File "D:\python\python36-64\lib\site-packages\selenium\webdriver\remote\webdriver.py", line 978, in find_element
    'value': value})['value']
  File "D:\python\python36-64\lib\site-packages\selenium\webdriver\remote\webdriver.py", line 321, in execute
    self.error_handler.check_response(response)
  File "D:\python\python36-64\lib\site-packages\selenium\webdriver\remote\errorhandler.py", line 242, in check_response
    raise exception_class(message, screen, stacktrace)
selenium.common.exceptions.InvalidSelectorException: Message: invalid selector: Unable to locate an element with the xpath expression //input[@placeholder="请输入帐户名 because of the following error:
SyntaxError: Failed to execute 'evaluate' on 'Document': The string '//input[@placeholder="请输入帐户名' is not a valid XPath expression.
  (Session info: chrome=80.0.3987.149)

